<?xml version="1.0" encoding="UTF-8"?>
<!-- Generated by org.testng.reporters.JUnitReportReporter -->
<testsuite hostname="DESKTOP-HE98H6O" failures="0" tests="2" name="logintest.Logintest" time="26.212" errors="0" timestamp="2024-06-20T18:00:59 IST" skipped="0">
  <testcase classname="logintest.Logintest" name="logintest" time="24.379"/>
  <testcase classname="logintest.Logintest" name="currenttitle" time="1.833"/>
</testsuite> <!-- logintest.Logintest -->
